CRITICAL - 2023-10-01 07:06:13 --> Cannot redeclare App\Controllers\UserController::index()
in APPPATH\Controllers\UserController.php on line 111.
 1 [internal function]: CodeIgniter\Debug\Exceptions->shutdownHandler()
CRITICAL - 2023-10-01 07:06:15 --> Cannot redeclare App\Controllers\UserController::index()
in APPPATH\Controllers\UserController.php on line 111.
 1 [internal function]: CodeIgniter\Debug\Exceptions->shutdownHandler()
CRITICAL - 2023-10-01 07:06:16 --> Cannot redeclare App\Controllers\UserController::index()
in APPPATH\Controllers\UserController.php on line 111.
 1 [internal function]: CodeIgniter\Debug\Exceptions->shutdownHandler()
CRITICAL - 2023-10-01 07:06:17 --> Cannot redeclare App\Controllers\UserController::index()
in APPPATH\Controllers\UserController.php on line 111.
 1 [internal function]: CodeIgniter\Debug\Exceptions->shutdownHandler()
CRITICAL - 2023-10-01 07:06:17 --> Cannot redeclare App\Controllers\UserController::index()
in APPPATH\Controllers\UserController.php on line 111.
 1 [internal function]: CodeIgniter\Debug\Exceptions->shutdownHandler()
CRITICAL - 2023-10-01 07:06:18 --> Cannot redeclare App\Controllers\UserController::index()
in APPPATH\Controllers\UserController.php on line 111.
 1 [internal function]: CodeIgniter\Debug\Exceptions->shutdownHandler()
CRITICAL - 2023-10-01 07:06:18 --> Cannot redeclare App\Controllers\UserController::index()
in APPPATH\Controllers\UserController.php on line 111.
 1 [internal function]: CodeIgniter\Debug\Exceptions->shutdownHandler()
CRITICAL - 2023-10-01 07:06:18 --> Cannot redeclare App\Controllers\UserController::index()
in APPPATH\Controllers\UserController.php on line 111.
 1 [internal function]: CodeIgniter\Debug\Exceptions->shutdownHandler()
CRITICAL - 2023-10-01 07:06:39 --> Cannot redeclare App\Controllers\UserController::index()
in APPPATH\Controllers\UserController.php on line 111.
 1 [internal function]: CodeIgniter\Debug\Exceptions->shutdownHandler()
CRITICAL - 2023-10-01 07:07:23 --> Class "App\Controllers\mysqli" not found
in APPPATH\Controllers\UserController.php on line 43.
 1 SYSTEMPATH\CodeIgniter.php(919): App\Controllers\UserController->signup()
 2 SYSTEMPATH\CodeIgniter.php(494): CodeIgniter\CodeIgniter->runController(Object(App\Controllers\UserController))
 3 SYSTEMPATH\CodeIgniter.php(353): CodeIgniter\CodeIgniter->handleRequest(null, Object(Config\Cache), false)
 4 FCPATH\index.php(79): CodeIgniter\CodeIgniter->run()
 5 SYSTEMPATH\Commands\Server\rewrite.php(47): require_once('C:\\laragon\\www\\Lab3.2\\public\\index.php')
CRITICAL - 2023-10-01 10:51:52 --> Undefined variable $dataTables
in APPPATH\Views\tables.php on line 242.
 1 APPPATH\Views\tables.php(242): CodeIgniter\Debug\Exceptions->errorHandler(2, 'Undefined variable $dataTables', 'C:\\laragon\\www\\Lab3.2\\app\\Views\\tables.php', 242)
 2 SYSTEMPATH\View\View.php(226): include('C:\\laragon\\www\\Lab3.2\\app\\Views\\tables.php')
 3 SYSTEMPATH\View\View.php(229): CodeIgniter\View\View->CodeIgniter\View\{closure}()
 4 SYSTEMPATH\Common.php(1188): CodeIgniter\View\View->render('tables', [], true)
 5 APPPATH\Controllers\AdminController.php(25): view('tables', [...])
 6 SYSTEMPATH\CodeIgniter.php(919): App\Controllers\AdminController->tables()
 7 SYSTEMPATH\CodeIgniter.php(494): CodeIgniter\CodeIgniter->runController(Object(App\Controllers\AdminController))
 8 SYSTEMPATH\CodeIgniter.php(353): CodeIgniter\CodeIgniter->handleRequest(null, Object(Config\Cache), false)
 9 FCPATH\index.php(79): CodeIgniter\CodeIgniter->run()
10 SYSTEMPATH\Commands\Server\rewrite.php(47): require_once('C:\\laragon\\www\\Lab3.2\\public\\index.php')
CRITICAL - 2023-10-01 10:52:27 --> Invalid file: "insert.php"
in SYSTEMPATH\Exceptions\FrameworkException.php on line 39.
 1 SYSTEMPATH\View\View.php(214): CodeIgniter\Exceptions\FrameworkException::forInvalidFile('insert.php')
 2 SYSTEMPATH\Common.php(1188): CodeIgniter\View\View->render('insert', [], true)
 3 APPPATH\Controllers\AdminController.php(79): view('insert')
 4 SYSTEMPATH\CodeIgniter.php(919): App\Controllers\AdminController->insert()
 5 SYSTEMPATH\CodeIgniter.php(494): CodeIgniter\CodeIgniter->runController(Object(App\Controllers\AdminController))
 6 SYSTEMPATH\CodeIgniter.php(353): CodeIgniter\CodeIgniter->handleRequest(null, Object(Config\Cache), false)
 7 FCPATH\index.php(79): CodeIgniter\CodeIgniter->run()
 8 SYSTEMPATH\Commands\Server\rewrite.php(47): require_once('C:\\laragon\\www\\Lab3.2\\public\\index.php')
CRITICAL - 2023-10-01 10:59:08 --> Undefined array key "id"
in APPPATH\Controllers\AdminController.php on line 43.
 1 APPPATH\Controllers\AdminController.php(43): CodeIgniter\Debug\Exceptions->errorHandler(2, 'Undefined array key "id"', 'C:\\laragon\\www\\Lab3.2\\app\\Controllers\\AdminController.php', 43)
 2 SYSTEMPATH\CodeIgniter.php(919): App\Controllers\AdminController->save('$id')
 3 SYSTEMPATH\CodeIgniter.php(494): CodeIgniter\CodeIgniter->runController(Object(App\Controllers\AdminController))
 4 SYSTEMPATH\CodeIgniter.php(353): CodeIgniter\CodeIgniter->handleRequest(null, Object(Config\Cache), false)
 5 FCPATH\index.php(79): CodeIgniter\CodeIgniter->run()
 6 SYSTEMPATH\Commands\Server\rewrite.php(47): require_once('C:\\laragon\\www\\Lab3.2\\public\\index.php')
CRITICAL - 2023-10-01 11:01:13 --> Undefined array key "id"
in APPPATH\Controllers\AdminController.php on line 43.
 1 APPPATH\Controllers\AdminController.php(43): CodeIgniter\Debug\Exceptions->errorHandler(2, 'Undefined array key "id"', 'C:\\laragon\\www\\Lab3.2\\app\\Controllers\\AdminController.php', 43)
 2 SYSTEMPATH\CodeIgniter.php(919): App\Controllers\AdminController->save('$id')
 3 SYSTEMPATH\CodeIgniter.php(494): CodeIgniter\CodeIgniter->runController(Object(App\Controllers\AdminController))
 4 SYSTEMPATH\CodeIgniter.php(353): CodeIgniter\CodeIgniter->handleRequest(null, Object(Config\Cache), false)
 5 FCPATH\index.php(79): CodeIgniter\CodeIgniter->run()
 6 SYSTEMPATH\Commands\Server\rewrite.php(47): require_once('C:\\laragon\\www\\Lab3.2\\public\\index.php')
CRITICAL - 2023-10-01 11:01:59 --> Undefined variable $id
in APPPATH\Controllers\AdminController.php on line 53.
 1 APPPATH\Controllers\AdminController.php(53): CodeIgniter\Debug\Exceptions->errorHandler(2, 'Undefined variable $id', 'C:\\laragon\\www\\Lab3.2\\app\\Controllers\\AdminController.php', 53)
 2 SYSTEMPATH\CodeIgniter.php(919): App\Controllers\AdminController->save('$id')
 3 SYSTEMPATH\CodeIgniter.php(494): CodeIgniter\CodeIgniter->runController(Object(App\Controllers\AdminController))
 4 SYSTEMPATH\CodeIgniter.php(353): CodeIgniter\CodeIgniter->handleRequest(null, Object(Config\Cache), false)
 5 FCPATH\index.php(79): CodeIgniter\CodeIgniter->run()
 6 SYSTEMPATH\Commands\Server\rewrite.php(47): require_once('C:\\laragon\\www\\Lab3.2\\public\\index.php')
CRITICAL - 2023-10-01 11:03:02 --> Undefined array key "id"
in APPPATH\Controllers\AdminController.php on line 43.
 1 APPPATH\Controllers\AdminController.php(43): CodeIgniter\Debug\Exceptions->errorHandler(2, 'Undefined array key "id"', 'C:\\laragon\\www\\Lab3.2\\app\\Controllers\\AdminController.php', 43)
 2 SYSTEMPATH\CodeIgniter.php(919): App\Controllers\AdminController->save('$id')
 3 SYSTEMPATH\CodeIgniter.php(494): CodeIgniter\CodeIgniter->runController(Object(App\Controllers\AdminController))
 4 SYSTEMPATH\CodeIgniter.php(353): CodeIgniter\CodeIgniter->handleRequest(null, Object(Config\Cache), false)
 5 FCPATH\index.php(79): CodeIgniter\CodeIgniter->run()
 6 SYSTEMPATH\Commands\Server\rewrite.php(47): require_once('C:\\laragon\\www\\Lab3.2\\public\\index.php')
CRITICAL - 2023-10-01 11:04:06 --> Undefined array key "id"
in APPPATH\Controllers\AdminController.php on line 43.
 1 APPPATH\Controllers\AdminController.php(43): CodeIgniter\Debug\Exceptions->errorHandler(2, 'Undefined array key "id"', 'C:\\laragon\\www\\Lab3.2\\app\\Controllers\\AdminController.php', 43)
 2 SYSTEMPATH\CodeIgniter.php(919): App\Controllers\AdminController->save('$id')
 3 SYSTEMPATH\CodeIgniter.php(494): CodeIgniter\CodeIgniter->runController(Object(App\Controllers\AdminController))
 4 SYSTEMPATH\CodeIgniter.php(353): CodeIgniter\CodeIgniter->handleRequest(null, Object(Config\Cache), false)
 5 FCPATH\index.php(79): CodeIgniter\CodeIgniter->run()
 6 SYSTEMPATH\Commands\Server\rewrite.php(47): require_once('C:\\laragon\\www\\Lab3.2\\public\\index.php')
CRITICAL - 2023-10-01 11:07:49 --> Undefined array key "id"
in APPPATH\Controllers\AdminController.php on line 43.
 1 APPPATH\Controllers\AdminController.php(43): CodeIgniter\Debug\Exceptions->errorHandler(2, 'Undefined array key "id"', 'C:\\laragon\\www\\Lab3.2\\app\\Controllers\\AdminController.php', 43)
 2 SYSTEMPATH\CodeIgniter.php(919): App\Controllers\AdminController->save('$id')
 3 SYSTEMPATH\CodeIgniter.php(494): CodeIgniter\CodeIgniter->runController(Object(App\Controllers\AdminController))
 4 SYSTEMPATH\CodeIgniter.php(353): CodeIgniter\CodeIgniter->handleRequest(null, Object(Config\Cache), false)
 5 FCPATH\index.php(79): CodeIgniter\CodeIgniter->run()
 6 SYSTEMPATH\Commands\Server\rewrite.php(47): require_once('C:\\laragon\\www\\Lab3.2\\public\\index.php')
CRITICAL - 2023-10-01 11:08:32 --> Undefined array key "id"
in APPPATH\Controllers\AdminController.php on line 53.
 1 APPPATH\Controllers\AdminController.php(53): CodeIgniter\Debug\Exceptions->errorHandler(2, 'Undefined array key "id"', 'C:\\laragon\\www\\Lab3.2\\app\\Controllers\\AdminController.php', 53)
 2 SYSTEMPATH\CodeIgniter.php(919): App\Controllers\AdminController->save('$id')
 3 SYSTEMPATH\CodeIgniter.php(494): CodeIgniter\CodeIgniter->runController(Object(App\Controllers\AdminController))
 4 SYSTEMPATH\CodeIgniter.php(353): CodeIgniter\CodeIgniter->handleRequest(null, Object(Config\Cache), false)
 5 FCPATH\index.php(79): CodeIgniter\CodeIgniter->run()
 6 SYSTEMPATH\Commands\Server\rewrite.php(47): require_once('C:\\laragon\\www\\Lab3.2\\public\\index.php')
CRITICAL - 2023-10-01 11:09:49 --> Undefined array key "id"
in APPPATH\Controllers\AdminController.php on line 43.
 1 APPPATH\Controllers\AdminController.php(43): CodeIgniter\Debug\Exceptions->errorHandler(2, 'Undefined array key "id"', 'C:\\laragon\\www\\Lab3.2\\app\\Controllers\\AdminController.php', 43)
 2 SYSTEMPATH\CodeIgniter.php(919): App\Controllers\AdminController->save('$id')
 3 SYSTEMPATH\CodeIgniter.php(494): CodeIgniter\CodeIgniter->runController(Object(App\Controllers\AdminController))
 4 SYSTEMPATH\CodeIgniter.php(353): CodeIgniter\CodeIgniter->handleRequest(null, Object(Config\Cache), false)
 5 FCPATH\index.php(79): CodeIgniter\CodeIgniter->run()
 6 SYSTEMPATH\Commands\Server\rewrite.php(47): require_once('C:\\laragon\\www\\Lab3.2\\public\\index.php')
CRITICAL - 2023-10-01 11:10:19 --> Undefined array key "id"
in APPPATH\Controllers\AdminController.php on line 43.
 1 APPPATH\Controllers\AdminController.php(43): CodeIgniter\Debug\Exceptions->errorHandler(2, 'Undefined array key "id"', 'C:\\laragon\\www\\Lab3.2\\app\\Controllers\\AdminController.php', 43)
 2 SYSTEMPATH\CodeIgniter.php(919): App\Controllers\AdminController->save('$id')
 3 SYSTEMPATH\CodeIgniter.php(494): CodeIgniter\CodeIgniter->runController(Object(App\Controllers\AdminController))
 4 SYSTEMPATH\CodeIgniter.php(353): CodeIgniter\CodeIgniter->handleRequest(null, Object(Config\Cache), false)
 5 FCPATH\index.php(79): CodeIgniter\CodeIgniter->run()
 6 SYSTEMPATH\Commands\Server\rewrite.php(47): require_once('C:\\laragon\\www\\Lab3.2\\public\\index.php')
CRITICAL - 2023-10-01 11:10:43 --> Undefined variable $id
in APPPATH\Controllers\AdminController.php on line 54.
 1 APPPATH\Controllers\AdminController.php(54): CodeIgniter\Debug\Exceptions->errorHandler(2, 'Undefined variable $id', 'C:\\laragon\\www\\Lab3.2\\app\\Controllers\\AdminController.php', 54)
 2 SYSTEMPATH\CodeIgniter.php(919): App\Controllers\AdminController->save('$id')
 3 SYSTEMPATH\CodeIgniter.php(494): CodeIgniter\CodeIgniter->runController(Object(App\Controllers\AdminController))
 4 SYSTEMPATH\CodeIgniter.php(353): CodeIgniter\CodeIgniter->handleRequest(null, Object(Config\Cache), false)
 5 FCPATH\index.php(79): CodeIgniter\CodeIgniter->run()
 6 SYSTEMPATH\Commands\Server\rewrite.php(47): require_once('C:\\laragon\\www\\Lab3.2\\public\\index.php')
CRITICAL - 2023-10-01 11:12:23 --> syntax error, unexpected token ";"
in APPPATH\Controllers\AdminController.php on line 43.
 1 SYSTEMPATH\Autoloader\Autoloader.php(285): CodeIgniter\Autoloader\Autoloader->includeFile('C:\\laragon\\www\\Lab3.2\\app\\Controllers\\AdminController.php')
 2 SYSTEMPATH\Autoloader\Autoloader.php(263): CodeIgniter\Autoloader\Autoloader->loadInNamespace('App\\Controllers\\AdminController')
 3 [internal function]: CodeIgniter\Autoloader\Autoloader->loadClass('App\\Controllers\\AdminController')
 4 SYSTEMPATH\CodeIgniter.php(877): class_exists('\\App\\Controllers\\AdminController', true)
 5 SYSTEMPATH\CodeIgniter.php(481): CodeIgniter\CodeIgniter->startController()
 6 SYSTEMPATH\CodeIgniter.php(353): CodeIgniter\CodeIgniter->handleRequest(null, Object(Config\Cache), false)
 7 FCPATH\index.php(79): CodeIgniter\CodeIgniter->run()
 8 SYSTEMPATH\Commands\Server\rewrite.php(47): require_once('C:\\laragon\\www\\Lab3.2\\public\\index.php')
CRITICAL - 2023-10-01 11:13:04 --> Undefined array key "id"
in APPPATH\Controllers\AdminController.php on line 43.
 1 APPPATH\Controllers\AdminController.php(43): CodeIgniter\Debug\Exceptions->errorHandler(2, 'Undefined array key "id"', 'C:\\laragon\\www\\Lab3.2\\app\\Controllers\\AdminController.php', 43)
 2 SYSTEMPATH\CodeIgniter.php(919): App\Controllers\AdminController->save('$id')
 3 SYSTEMPATH\CodeIgniter.php(494): CodeIgniter\CodeIgniter->runController(Object(App\Controllers\AdminController))
 4 SYSTEMPATH\CodeIgniter.php(353): CodeIgniter\CodeIgniter->handleRequest(null, Object(Config\Cache), false)
 5 FCPATH\index.php(79): CodeIgniter\CodeIgniter->run()
 6 SYSTEMPATH\Commands\Server\rewrite.php(47): require_once('C:\\laragon\\www\\Lab3.2\\public\\index.php')
CRITICAL - 2023-10-01 11:15:53 --> Undefined array key "ProductName"
in APPPATH\Views\tables.php on line 244.
 1 APPPATH\Views\tables.php(244): CodeIgniter\Debug\Exceptions->errorHandler(2, 'Undefined array key "ProductName"', 'C:\\laragon\\www\\Lab3.2\\app\\Views\\tables.php', 244)
 2 SYSTEMPATH\View\View.php(226): include('C:\\laragon\\www\\Lab3.2\\app\\Views\\tables.php')
 3 SYSTEMPATH\View\View.php(229): CodeIgniter\View\View->CodeIgniter\View\{closure}()
 4 SYSTEMPATH\Common.php(1188): CodeIgniter\View\View->render('tables', [], true)
 5 APPPATH\Controllers\AdminController.php(25): view('tables', [...])
 6 SYSTEMPATH\CodeIgniter.php(919): App\Controllers\AdminController->tables()
 7 SYSTEMPATH\CodeIgniter.php(494): CodeIgniter\CodeIgniter->runController(Object(App\Controllers\AdminController))
 8 SYSTEMPATH\CodeIgniter.php(353): CodeIgniter\CodeIgniter->handleRequest(null, Object(Config\Cache), false)
 9 FCPATH\index.php(79): CodeIgniter\CodeIgniter->run()
10 SYSTEMPATH\Commands\Server\rewrite.php(47): require_once('C:\\laragon\\www\\Lab3.2\\public\\index.php')
CRITICAL - 2023-10-01 11:17:49 --> Undefined array key "productName"
in APPPATH\Views\tables.php on line 244.
 1 APPPATH\Views\tables.php(244): CodeIgniter\Debug\Exceptions->errorHandler(2, 'Undefined array key "productName"', 'C:\\laragon\\www\\Lab3.2\\app\\Views\\tables.php', 244)
 2 SYSTEMPATH\View\View.php(226): include('C:\\laragon\\www\\Lab3.2\\app\\Views\\tables.php')
 3 SYSTEMPATH\View\View.php(229): CodeIgniter\View\View->CodeIgniter\View\{closure}()
 4 SYSTEMPATH\Common.php(1188): CodeIgniter\View\View->render('tables', [], true)
 5 APPPATH\Controllers\AdminController.php(25): view('tables', [...])
 6 SYSTEMPATH\CodeIgniter.php(919): App\Controllers\AdminController->tables()
 7 SYSTEMPATH\CodeIgniter.php(494): CodeIgniter\CodeIgniter->runController(Object(App\Controllers\AdminController))
 8 SYSTEMPATH\CodeIgniter.php(353): CodeIgniter\CodeIgniter->handleRequest(null, Object(Config\Cache), false)
 9 FCPATH\index.php(79): CodeIgniter\CodeIgniter->run()
10 SYSTEMPATH\Commands\Server\rewrite.php(47): require_once('C:\\laragon\\www\\Lab3.2\\public\\index.php')
CRITICAL - 2023-10-01 11:26:14 --> Invalid file: "Product.php"
in SYSTEMPATH\Exceptions\FrameworkException.php on line 39.
 1 SYSTEMPATH\View\View.php(214): CodeIgniter\Exceptions\FrameworkException::forInvalidFile('Product.php')
 2 SYSTEMPATH\Common.php(1188): CodeIgniter\View\View->render('Product', [], true)
 3 APPPATH\Controllers\AdminController.php(38): view('Product', [...])
 4 SYSTEMPATH\CodeIgniter.php(919): App\Controllers\AdminController->edit('2')
 5 SYSTEMPATH\CodeIgniter.php(494): CodeIgniter\CodeIgniter->runController(Object(App\Controllers\AdminController))
 6 SYSTEMPATH\CodeIgniter.php(353): CodeIgniter\CodeIgniter->handleRequest(null, Object(Config\Cache), false)
 7 FCPATH\index.php(79): CodeIgniter\CodeIgniter->run()
 8 SYSTEMPATH\Commands\Server\rewrite.php(47): require_once('C:\\laragon\\www\\Lab3.2\\public\\index.php')
CRITICAL - 2023-10-01 12:17:10 --> Class "App\Controllers\mysqli" not found
in APPPATH\Controllers\UserController.php on line 43.
 1 SYSTEMPATH\CodeIgniter.php(919): App\Controllers\UserController->signup()
 2 SYSTEMPATH\CodeIgniter.php(494): CodeIgniter\CodeIgniter->runController(Object(App\Controllers\UserController))
 3 SYSTEMPATH\CodeIgniter.php(353): CodeIgniter\CodeIgniter->handleRequest(null, Object(Config\Cache), false)
 4 FCPATH\index.php(79): CodeIgniter\CodeIgniter->run()
 5 SYSTEMPATH\Commands\Server\rewrite.php(47): require_once('C:\\laragon\\www\\Lab3.2\\public\\index.php')
CRITICAL - 2023-10-01 12:17:24 --> Class "App\Controllers\mysqli" not found
in APPPATH\Controllers\UserController.php on line 43.
 1 SYSTEMPATH\CodeIgniter.php(919): App\Controllers\UserController->signup()
 2 SYSTEMPATH\CodeIgniter.php(494): CodeIgniter\CodeIgniter->runController(Object(App\Controllers\UserController))
 3 SYSTEMPATH\CodeIgniter.php(353): CodeIgniter\CodeIgniter->handleRequest(null, Object(Config\Cache), false)
 4 FCPATH\index.php(79): CodeIgniter\CodeIgniter->run()
 5 SYSTEMPATH\Commands\Server\rewrite.php(47): require_once('C:\\laragon\\www\\Lab3.2\\public\\index.php')
CRITICAL - 2023-10-01 12:22:02 --> Class "App\Controllers\mysqli" not found
in APPPATH\Controllers\UserController.php on line 43.
 1 SYSTEMPATH\CodeIgniter.php(919): App\Controllers\UserController->signup()
 2 SYSTEMPATH\CodeIgniter.php(494): CodeIgniter\CodeIgniter->runController(Object(App\Controllers\UserController))
 3 SYSTEMPATH\CodeIgniter.php(353): CodeIgniter\CodeIgniter->handleRequest(null, Object(Config\Cache), false)
 4 FCPATH\index.php(79): CodeIgniter\CodeIgniter->run()
 5 SYSTEMPATH\Commands\Server\rewrite.php(47): require_once('C:\\laragon\\www\\Lab3.2\\public\\index.php')
CRITICAL - 2023-10-01 12:26:11 --> Class "App\Controllers\mysqli" not found
in APPPATH\Controllers\UserController.php on line 43.
 1 SYSTEMPATH\CodeIgniter.php(919): App\Controllers\UserController->signup()
 2 SYSTEMPATH\CodeIgniter.php(494): CodeIgniter\CodeIgniter->runController(Object(App\Controllers\UserController))
 3 SYSTEMPATH\CodeIgniter.php(353): CodeIgniter\CodeIgniter->handleRequest(null, Object(Config\Cache), false)
 4 FCPATH\index.php(79): CodeIgniter\CodeIgniter->run()
 5 SYSTEMPATH\Commands\Server\rewrite.php(47): require_once('C:\\laragon\\www\\Lab3.2\\public\\index.php')
